<?xml version="1.0" encoding="UTF-8"?>
<!-- Generated by org.testng.reporters.JUnitReportReporter -->
<testsuite hostname="DESKTOP-315BBS2" failures="0" tests="5" name="test.TC_002InvalidRegisterData" time="198.592" errors="0" timestamp="2025-03-31T14:52:02 IST" skipped="0">
  <testcase classname="test.TC_002InvalidRegisterData" name="ValidRegisterTest" time="43.223"/>
  <testcase classname="test.TC_002InvalidRegisterData" name="ValidRegisterTest" time="38.045"/>
  <testcase classname="test.TC_002InvalidRegisterData" name="ValidRegisterTest" time="41.267"/>
  <testcase classname="test.TC_002InvalidRegisterData" name="ValidRegisterTest" time="38.302"/>
  <testcase classname="test.TC_002InvalidRegisterData" name="ValidRegisterTest" time="37.755"/>
</testsuite> <!-- test.TC_002InvalidRegisterData -->
