<?xml version="1.0" encoding="UTF-8"?>
<!-- Generated by org.testng.reporters.JUnitReportReporter -->
<testsuite hostname="DESKTOP-315BBS2" failures="0" tests="4" name="test.TC_004ValidateInvalidLoginData" time="37.651" errors="0" timestamp="2025-03-24T10:43:36 IST" skipped="0">
  <testcase classname="test.TC_004ValidateInvalidLoginData" name="ValidateLogin" time="11.161"/>
  <testcase classname="test.TC_004ValidateInvalidLoginData" name="ValidateLogin" time="7.529"/>
  <testcase classname="test.TC_004ValidateInvalidLoginData" name="ValidateLogin" time="10.581"/>
  <testcase classname="test.TC_004ValidateInvalidLoginData" name="ValidateLogin" time="8.380"/>
</testsuite> <!-- test.TC_004ValidateInvalidLoginData -->
