<?xml version="1.0" encoding="UTF-8"?>
<!-- Generated by org.testng.reporters.JUnitReportReporter -->
<testsuite hostname="DESKTOP-315BBS2" failures="0" tests="1" name="test.TC_005SearchHoteltest" time="8.937" errors="0" timestamp="2025-03-31T14:53:47 IST" skipped="0">
  <testcase classname="test.TC_005SearchHoteltest" name="SearchHotelsTest" time="8.937"/>
</testsuite> <!-- test.TC_005SearchHoteltest -->
