<?xml version="1.0" encoding="UTF-8"?>
<!-- Generated by org.testng.reporters.JUnitReportReporter -->
<testsuite hostname="DESKTOP-315BBS2" failures="0" tests="4" name="test.TC_006SelectHotelstest" time="91.489" errors="0" timestamp="2025-03-31T14:45:57 IST" skipped="0">
  <testcase classname="test.TC_006SelectHotelstest" name="BookingHotelsTest" time="22.753"/>
  <testcase classname="test.TC_006SelectHotelstest" name="BookingHotelsTest" time="23.130"/>
  <testcase classname="test.TC_006SelectHotelstest" name="BookingHotelsTest" time="22.417"/>
  <testcase classname="test.TC_006SelectHotelstest" name="BookingHotelsTest" time="23.189"/>
</testsuite> <!-- test.TC_006SelectHotelstest -->
