<?xml version="1.0" encoding="UTF-8"?>
<!-- Generated by org.testng.reporters.JUnitReportReporter -->
<testsuite hostname="DESKTOP-315BBS2" failures="0" tests="1" name="test.TC_003ValidateValidLoginData" time="8.394" errors="0" timestamp="2025-03-27T20:27:57 IST" skipped="0">
  <testcase classname="test.TC_003ValidateValidLoginData" name="ValidateLogin" time="8.394"/>
</testsuite> <!-- test.TC_003ValidateValidLoginData -->
