<?xml version="1.0" encoding="UTF-8"?>
<!-- Generated by org.testng.reporters.JUnitReportReporter -->
<testsuite hostname="DESKTOP-315BBS2" failures="0" tests="1" name="test.TC_007ValidateSearchHotel" time="9.278" errors="0" timestamp="2025-03-31T14:56:27 IST" skipped="0">
  <testcase classname="test.TC_007ValidateSearchHotel" name="SearchHotelsTest" time="9.278"/>
</testsuite> <!-- test.TC_007ValidateSearchHotel -->
