<?xml version="1.0" encoding="UTF-8"?>
<!-- Generated by org.testng.reporters.JUnitReportReporter -->
<testsuite hostname="DESKTOP-315BBS2" failures="0" tests="4" name="test.TC_006SelectHotelstest" time="69.839" errors="0" timestamp="2025-03-26T18:07:06 IST" skipped="0">
  <testcase classname="test.TC_006SelectHotelstest" name="BookingHotelsTest" time="16.014"/>
  <testcase classname="test.TC_006SelectHotelstest" name="BookingHotelsTest" time="17.063"/>
  <testcase classname="test.TC_006SelectHotelstest" name="BookingHotelsTest" time="18.934"/>
  <testcase classname="test.TC_006SelectHotelstest" name="BookingHotelsTest" time="17.828"/>
</testsuite> <!-- test.TC_006SelectHotelstest -->
