<?xml version="1.0" encoding="UTF-8"?>
<!-- Generated by org.testng.reporters.JUnitReportReporter -->
<testsuite hostname="DESKTOP-315BBS2" failures="0" tests="4" name="test.TC_004ValidateInvalidLoginData" time="29.241" errors="0" timestamp="2025-03-31T14:48:20 IST" skipped="0">
  <testcase classname="test.TC_004ValidateInvalidLoginData" name="ValidateInvalidLogin" time="6.584"/>
  <testcase classname="test.TC_004ValidateInvalidLoginData" name="ValidateInvalidLogin" time="8.988"/>
  <testcase classname="test.TC_004ValidateInvalidLoginData" name="ValidateInvalidLogin" time="5.329"/>
  <testcase classname="test.TC_004ValidateInvalidLoginData" name="ValidateInvalidLogin" time="8.340"/>
</testsuite> <!-- test.TC_004ValidateInvalidLoginData -->
