<?xml version="1.0" encoding="UTF-8"?>
<!-- Generated by org.testng.reporters.JUnitReportReporter -->
<testsuite hostname="DESKTOP-315BBS2" failures="0" tests="7" name="test.TC_009ValidateBookAHotel" time="118.833" errors="0" timestamp="2025-03-27T20:33:59 IST" skipped="0">
  <testcase classname="test.TC_009ValidateBookAHotel" name="BookingHotelsTest" time="17.369"/>
  <testcase classname="test.TC_009ValidateBookAHotel" name="BookingHotelsTest" time="16.845"/>
  <testcase classname="test.TC_009ValidateBookAHotel" name="BookingHotelsTest" time="15.502"/>
  <testcase classname="test.TC_009ValidateBookAHotel" name="BookingHotelsTest" time="19.005"/>
  <testcase classname="test.TC_009ValidateBookAHotel" name="BookingHotelsTest" time="16.284"/>
  <testcase classname="test.TC_009ValidateBookAHotel" name="BookingHotelsTest" time="16.644"/>
  <testcase classname="test.TC_009ValidateBookAHotel" name="BookingHotelsTest" time="17.184"/>
</testsuite> <!-- test.TC_009ValidateBookAHotel -->
