<?xml version="1.0" encoding="UTF-8"?>
<!-- Generated by org.testng.reporters.JUnitReportReporter -->
<testsuite hostname="DESKTOP-315BBS2" failures="0" tests="1" name="test.TC_011HomeContentTest" time="6.280" errors="0" timestamp="2025-03-28T22:30:28 IST" skipped="0">
  <testcase classname="test.TC_011HomeContentTest" name="HomeContentTest" time="6.280"/>
</testsuite> <!-- test.TC_011HomeContentTest -->
