<?xml version="1.0" encoding="UTF-8"?>
<!-- Generated by org.testng.reporters.JUnitReportReporter -->
<testsuite hostname="DESKTOP-315BBS2" failures="0" tests="1" name="test.TC_010BookedItinerarytest" time="105.169" errors="0" timestamp="2025-03-31T14:44:03 IST" skipped="0">
  <testcase classname="test.TC_010BookedItinerarytest" name="BookedItineraryTest" time="105.169"/>
</testsuite> <!-- test.TC_010BookedItinerarytest -->
