<?xml version="1.0" encoding="UTF-8"?>
<!-- Generated by org.testng.reporters.JUnitReportReporter -->
<testsuite hostname="DESKTOP-315BBS2" failures="0" tests="7" name="test.TC_009ValidateBookAHotel" time="116.268" errors="0" timestamp="2025-03-31T14:56:03 IST" skipped="0">
  <testcase classname="test.TC_009ValidateBookAHotel" name="BookingHotelsTest" time="15.828"/>
  <testcase classname="test.TC_009ValidateBookAHotel" name="BookingHotelsTest" time="15.837"/>
  <testcase classname="test.TC_009ValidateBookAHotel" name="BookingHotelsTest" time="15.711"/>
  <testcase classname="test.TC_009ValidateBookAHotel" name="BookingHotelsTest" time="16.634"/>
  <testcase classname="test.TC_009ValidateBookAHotel" name="BookingHotelsTest" time="16.040"/>
  <testcase classname="test.TC_009ValidateBookAHotel" name="BookingHotelsTest" time="17.010"/>
  <testcase classname="test.TC_009ValidateBookAHotel" name="BookingHotelsTest" time="19.208"/>
</testsuite> <!-- test.TC_009ValidateBookAHotel -->
