<?xml version="1.0" encoding="UTF-8"?>
<!-- Generated by org.testng.reporters.JUnitReportReporter -->
<testsuite hostname="DESKTOP-315BBS2" failures="0" tests="1" name="test.TC_011HomeContentTest" time="7.379" errors="0" timestamp="2025-03-31T14:47:32 IST" skipped="0">
  <testcase classname="test.TC_011HomeContentTest" name="HomeContentTest" time="7.379"/>
</testsuite> <!-- test.TC_011HomeContentTest -->
