<?xml version="1.0" encoding="UTF-8"?>
<!-- Generated by org.testng.reporters.JUnitReportReporter -->
<testsuite hostname="DESKTOP-315BBS2" failures="0" tests="1" name="test.TC_007ValidateSearchHotel" time="10.056" errors="0" timestamp="2025-03-27T20:28:22 IST" skipped="0">
  <testcase classname="test.TC_007ValidateSearchHotel" name="SearchHotelsTest" time="10.056"/>
</testsuite> <!-- test.TC_007ValidateSearchHotel -->
