<?xml version="1.0" encoding="UTF-8"?>
<!-- Generated by org.testng.reporters.JUnitReportReporter -->
<testsuite hostname="DESKTOP-315BBS2" failures="0" tests="5" name="test.TC_002InvalidRegisterData" time="115.344" errors="0" timestamp="2025-03-22T22:54:08 IST" skipped="0">
  <testcase classname="test.TC_002InvalidRegisterData" name="ValidRegisterTest" time="15.922"/>
  <testcase classname="test.TC_002InvalidRegisterData" name="ValidRegisterTest" time="13.883"/>
  <testcase classname="test.TC_002InvalidRegisterData" name="ValidRegisterTest" time="54.579"/>
  <testcase classname="test.TC_002InvalidRegisterData" name="ValidRegisterTest" time="12.566"/>
  <testcase classname="test.TC_002InvalidRegisterData" name="ValidRegisterTest" time="18.394"/>
</testsuite> <!-- test.TC_002InvalidRegisterData -->
