<?xml version="1.0" encoding="UTF-8"?>
<!-- Generated by org.testng.reporters.JUnitReportReporter -->
<testsuite hostname="DESKTOP-315BBS2" failures="0" tests="7" name="test.TC_009ValidateBookAHotel" time="126.726" errors="0" timestamp="2025-03-28T23:54:13 IST" skipped="0">
  <testcase classname="test.TC_009ValidateBookAHotel" name="BookingHotelsTest" time="16.169"/>
  <testcase classname="test.TC_009ValidateBookAHotel" name="BookingHotelsTest" time="16.465"/>
  <testcase classname="test.TC_009ValidateBookAHotel" name="BookingHotelsTest" time="21.359"/>
  <testcase classname="test.TC_009ValidateBookAHotel" name="BookingHotelsTest" time="19.949"/>
  <testcase classname="test.TC_009ValidateBookAHotel" name="BookingHotelsTest" time="16.973"/>
  <testcase classname="test.TC_009ValidateBookAHotel" name="BookingHotelsTest" time="18.665"/>
  <testcase classname="test.TC_009ValidateBookAHotel" name="BookingHotelsTest" time="17.146"/>
</testsuite> <!-- test.TC_009ValidateBookAHotel -->
