<?xml version="1.0" encoding="UTF-8"?>
<!-- Generated by org.testng.reporters.JUnitReportReporter -->
<testsuite hostname="DESKTOP-315BBS2" failures="0" tests="1" name="test.TC_001RegisterTest" time="49.776" errors="0" timestamp="2025-03-31T14:53:16 IST" skipped="0">
  <testcase classname="test.TC_001RegisterTest" name="ValidRegisterTest" time="49.776"/>
</testsuite> <!-- test.TC_001RegisterTest -->
