<?xml version="1.0" encoding="UTF-8"?>
<!-- Generated by org.testng.reporters.JUnitReportReporter -->
<testsuite hostname="DESKTOP-315BBS2" failures="0" tests="1" name="test.TC_008ChangePasswordTest" time="14.048" errors="0" timestamp="2025-03-31T14:46:35 IST" skipped="0">
  <testcase classname="test.TC_008ChangePasswordTest" name="ChangePassword" time="14.048"/>
</testsuite> <!-- test.TC_008ChangePasswordTest -->
