<?xml version="1.0" encoding="UTF-8"?>
<!-- Generated by org.testng.reporters.JUnitReportReporter -->
<testsuite hostname="DESKTOP-315BBS2" failures="0" tests="1" name="test.TC_010BookedItinerarytest" time="114.829" errors="0" timestamp="2025-03-26T18:14:03 IST" skipped="0">
  <testcase classname="test.TC_010BookedItinerarytest" name="BookedItineraryTest" time="114.829"/>
</testsuite> <!-- test.TC_010BookedItinerarytest -->
