<?xml version="1.0" encoding="UTF-8"?>
<!-- Generated by org.testng.reporters.JUnitReportReporter -->
<testsuite hostname="DESKTOP-315BBS2" failures="0" tests="4" name="test.TC_006SelectHotelstest" time="94.541" errors="0" timestamp="2025-03-28T22:56:58 IST" skipped="0">
  <testcase classname="test.TC_006SelectHotelstest" name="BookingHotelsTest" time="23.052"/>
  <testcase classname="test.TC_006SelectHotelstest" name="BookingHotelsTest" time="24.197"/>
  <testcase classname="test.TC_006SelectHotelstest" name="BookingHotelsTest" time="24.965"/>
  <testcase classname="test.TC_006SelectHotelstest" name="BookingHotelsTest" time="22.327"/>
</testsuite> <!-- test.TC_006SelectHotelstest -->
