<?xml version="1.0" encoding="UTF-8"?>
<!-- Generated by org.testng.reporters.JUnitReportReporter -->
<testsuite hostname="DESKTOP-315BBS2" failures="0" tests="7" name="test.TC_009ValidateBookAHotel" time="127.320" errors="0" timestamp="2025-03-28T22:56:58 IST" skipped="0">
  <testcase classname="test.TC_009ValidateBookAHotel" name="BookingHotelsTest" time="16.623"/>
  <testcase classname="test.TC_009ValidateBookAHotel" name="BookingHotelsTest" time="16.702"/>
  <testcase classname="test.TC_009ValidateBookAHotel" name="BookingHotelsTest" time="15.900"/>
  <testcase classname="test.TC_009ValidateBookAHotel" name="BookingHotelsTest" time="17.646"/>
  <testcase classname="test.TC_009ValidateBookAHotel" name="BookingHotelsTest" time="15.639"/>
  <testcase classname="test.TC_009ValidateBookAHotel" name="BookingHotelsTest" time="17.827"/>
  <testcase classname="test.TC_009ValidateBookAHotel" name="BookingHotelsTest" time="26.983"/>
</testsuite> <!-- test.TC_009ValidateBookAHotel -->
