<?xml version="1.0" encoding="UTF-8"?>
<!-- Generated by org.testng.reporters.JUnitReportReporter -->
<testsuite hostname="DESKTOP-315BBS2" failures="0" tests="4" name="test.TC_004ValidateInvalidLoginData" time="23.220" errors="0" timestamp="2025-03-28T22:56:58 IST" skipped="0">
  <testcase classname="test.TC_004ValidateInvalidLoginData" name="ValidateInvalidLogin" time="4.825"/>
  <testcase classname="test.TC_004ValidateInvalidLoginData" name="ValidateInvalidLogin" time="6.231"/>
  <testcase classname="test.TC_004ValidateInvalidLoginData" name="ValidateInvalidLogin" time="5.002"/>
  <testcase classname="test.TC_004ValidateInvalidLoginData" name="ValidateInvalidLogin" time="7.162"/>
</testsuite> <!-- test.TC_004ValidateInvalidLoginData -->
